<?xml version="1.0" encoding="UTF-8"?>
<beans xmlns="http://www.springframework.org/schema/beans"
       xmlns:xsi="http://www.w3.org/2001/XMLSchema-instance"
       xmlns:p="http://www.springframework.org/schema/p"
       xmlns:jpa="http://www.springframework.org/schema/data/jpa"
       xmlns:tx="http://www.springframework.org/schema/tx"
       xmlns:util="http://www.springframework.org/schema/util"
       xsi:schemaLocation="http://www.springframework.org/schema/beans http://www.springframework.org/schema/beans/spring-beans-3.1.xsd
       http://www.springframework.org/schema/tx http://www.springframework.org/schema/tx/spring-tx-3.1.xsd
       http://www.springframework.org/schema/data/jpa http://www.springframework.org/schema/data/jpa/spring-jpa-1.3.xsd http://www.springframework.org/schema/util http://www.springframework.org/schema/util/spring-util-3.2.xsd">

    <tx:annotation-driven/>

    <jpa:repositories base-package="netseenergy.entrepot.persistence.dao"/>

    <util:properties id="jpaProperties">
        <prop key="hibernate.dialect">org.hibernate.dialect.HSQLDialect</prop>
        <prop key="hibernate.show_sql">true</prop>
        <prop key="hibernate.format_sql">treu</prop>
        <prop key="hibernate.hbm2ddl.auto">create-drop</prop>
        <prop key="hibernate.cache.use_second_level_cache">false</prop>
        <prop key="hibernate.cache.use_query_cache">false</prop>

    </util:properties>

    <bean id="entityManagerFactory"
          class="org.springframework.orm.jpa.LocalContainerEntityManagerFactoryBean"
          p:jpaVendorAdapter-ref="jpaAdapter"
          p:packagesToScan="netseenergy.entrepot.metier"
          p:dataSource-ref="dataSource"
          p:jpaProperties-ref="jpaProperties"/>

    <bean id="transactionManager" class="org.springframework.orm.jpa.JpaTransactionManager"
          p:entityManagerFactory-ref="entityManagerFactory" primary="true"/>

    <bean id="jpaAdapter"
          class="org.springframework.orm.jpa.vendor.HibernateJpaVendorAdapter"/>

</beans>